2023-06-19 22:22:27,281 [13] INFO  API_Testing.Hooks.Hooks - Application is working
2023-06-19 22:22:31,206 [13] INFO  API_Testing.Utlities.GenericMethods - Desktop Chrome is launched
2023-06-19 22:22:38,126 [13] INFO  API_Testing.Utlities.GenericMethods - Element (id = B99492C049C0BBAA928FC9025FD432B1_element_47) is visible in UI
2023-06-19 22:22:38,222 [13] INFO  API_Testing.Utlities.GenericMethods - Element (id = B99492C049C0BBAA928FC9025FD432B1_element_48) is visible in UI
2023-06-19 22:22:38,272 [13] INFO  API_Testing.Utlities.GenericMethods - Element (id = B99492C049C0BBAA928FC9025FD432B1_element_49) is visible in UI
2023-06-19 22:22:38,343 [13] INFO  API_Testing.Utlities.GenericMethods - Element (id = B99492C049C0BBAA928FC9025FD432B1_element_50) is visible in UI
2023-06-19 22:22:38,387 [13] INFO  API_Testing.Utlities.GenericMethods - Element (id = B99492C049C0BBAA928FC9025FD432B1_element_51) is visible in UI
2023-06-19 22:22:38,427 [13] INFO  API_Testing.Utlities.GenericMethods - Element (id = B99492C049C0BBAA928FC9025FD432B1_element_52) is visible in UI
2023-06-19 22:22:40,396 [13] INFO  API_Testing.Hooks.Hooks - Application is working
2023-06-19 22:22:43,559 [13] INFO  API_Testing.Utlities.GenericMethods - Desktop Chrome is launched
2023-06-19 22:22:44,884 [13] INFO  API_Testing.Utlities.GenericMethods - locked_out_user is enetered through Element (id = 4C3D348CF0A6D6DBA3F93121D08D6AD8_element_6)
2023-06-19 22:22:45,161 [13] INFO  API_Testing.Utlities.GenericMethods - standard_user is enetered through Element (id = 4C3D348CF0A6D6DBA3F93121D08D6AD8_element_6)
2023-06-19 22:22:45,419 [13] INFO  API_Testing.Utlities.GenericMethods - secret_sauce is enetered through Element (id = 4C3D348CF0A6D6DBA3F93121D08D6AD8_element_2)
2023-06-19 22:22:45,845 [13] INFO  API_Testing.Utlities.GenericMethods - Products is scrapped from UI
2023-06-19 22:23:56,760 [13] INFO  API_Testing.Hooks.Hooks - Application is working
2023-06-19 22:24:00,298 [13] INFO  API_Testing.Utlities.GenericMethods - Desktop Chrome is launched
2023-06-19 22:24:07,981 [13] INFO  API_Testing.Utlities.GenericMethods - Element (id = 46E7385462D9B5BDC048F2C64B256807_element_44) is visible in UI
2023-06-19 22:24:08,021 [13] INFO  API_Testing.Utlities.GenericMethods - Element (id = 46E7385462D9B5BDC048F2C64B256807_element_45) is visible in UI
2023-06-19 22:24:08,075 [13] INFO  API_Testing.Utlities.GenericMethods - Element (id = 46E7385462D9B5BDC048F2C64B256807_element_46) is visible in UI
2023-06-19 22:24:08,114 [13] INFO  API_Testing.Utlities.GenericMethods - Element (id = 46E7385462D9B5BDC048F2C64B256807_element_47) is visible in UI
2023-06-19 22:24:08,152 [13] INFO  API_Testing.Utlities.GenericMethods - Element (id = 46E7385462D9B5BDC048F2C64B256807_element_48) is visible in UI
2023-06-19 22:24:08,241 [13] INFO  API_Testing.Utlities.GenericMethods - Element (id = 46E7385462D9B5BDC048F2C64B256807_element_49) is visible in UI
2023-06-19 22:24:09,874 [13] INFO  API_Testing.Hooks.Hooks - Application is working
2023-06-19 22:24:13,037 [13] INFO  API_Testing.Utlities.GenericMethods - Desktop Chrome is launched
2023-06-19 22:24:15,011 [13] INFO  API_Testing.Utlities.GenericMethods - locked_out_user is enetered through Element (id = 2C974A65EEE6FC67BCC9A1C887CA6B5A_element_6)
2023-06-19 22:24:15,512 [13] INFO  API_Testing.Utlities.GenericMethods - standard_user is enetered through Element (id = 2C974A65EEE6FC67BCC9A1C887CA6B5A_element_6)
2023-06-19 22:24:15,852 [13] INFO  API_Testing.Utlities.GenericMethods - secret_sauce is enetered through Element (id = 2C974A65EEE6FC67BCC9A1C887CA6B5A_element_2)
2023-06-19 22:24:16,209 [13] INFO  API_Testing.Utlities.GenericMethods - Products is scrapped from UI
2023-06-20 16:55:22,820 [13] INFO  SeleniumWithSpecflow.Hooks.Hooks - Application is working
2023-06-20 16:55:26,480 [13] INFO  SeleniumWithSpecflow.Utlities.GenericMethods - Desktop Chrome is launched
2023-06-20 16:56:56,419 [13] INFO  SeleniumWithSpecflow.Hooks.Hooks - Application is working
2023-06-20 16:57:00,287 [13] INFO  SeleniumWithSpecflow.Utlities.GenericMethods - Desktop Chrome is launched
2023-06-20 16:57:02,486 [13] INFO  SeleniumWithSpecflow.Utlities.GenericMethods - locked_out_user is enetered through Element (id = 87B5FDE444A064DB8F1AF94FA3B51F55_element_6)
2023-06-20 16:57:02,743 [13] INFO  SeleniumWithSpecflow.Utlities.GenericMethods - standard_user is enetered through Element (id = 87B5FDE444A064DB8F1AF94FA3B51F55_element_6)
2023-06-20 16:57:03,013 [13] INFO  SeleniumWithSpecflow.Utlities.GenericMethods - secret_sauce is enetered through Element (id = 87B5FDE444A064DB8F1AF94FA3B51F55_element_2)
2023-06-20 16:57:03,332 [13] INFO  SeleniumWithSpecflow.Utlities.GenericMethods - Products is scrapped from UI
2023-06-20 16:57:16,105 [13] INFO  SeleniumWithSpecflow.Hooks.Hooks - Application is working
2023-06-20 16:57:19,805 [13] INFO  SeleniumWithSpecflow.Utlities.GenericMethods - Desktop Chrome is launched
2023-06-20 17:23:04,777 [13] INFO  SeleniumWithSpecflow.Hooks.Hooks - Application is working
2023-06-20 17:23:09,325 [13] INFO  SeleniumWithSpecflow.Utlities.GenericMethods - Desktop Chrome is launched
2023-06-20 17:25:33,398 [13] INFO  SeleniumWithSpecflow.Hooks.Hooks - Application is working
2023-06-20 17:25:38,360 [13] INFO  SeleniumWithSpecflow.Utlities.GenericMethods - Desktop Chrome is launched
2023-06-20 17:25:41,224 [13] INFO  SeleniumWithSpecflow.Utlities.GenericMethods - locked_out_user is enetered through Element (id = 7E4ED66C964E0E7194B780F552AE4BEB_element_6)
2023-06-20 17:25:41,571 [13] INFO  SeleniumWithSpecflow.Utlities.GenericMethods - standard_user is enetered through Element (id = 7E4ED66C964E0E7194B780F552AE4BEB_element_6)
2023-06-20 17:25:43,775 [13] INFO  SeleniumWithSpecflow.Utlities.GenericMethods - secret_sauce is enetered through Element (id = 7E4ED66C964E0E7194B780F552AE4BEB_element_2)
2023-06-20 17:25:45,426 [13] INFO  SeleniumWithSpecflow.Utlities.GenericMethods - Products is scrapped from UI
2023-06-26 17:33:18,866 [14] INFO  SeleniumWithSpecflow.Hooks.Hooks - Application is working
2023-06-26 17:33:23,912 [14] INFO  SeleniumWithSpecflow.Utlities.GenericMethods - Desktop Chrome is launched
2023-06-26 17:34:25,713 [15] INFO  SeleniumWithSpecflow.Hooks.Hooks - Application is working
2023-06-26 17:34:29,612 [15] INFO  SeleniumWithSpecflow.Utlities.GenericMethods - Desktop Chrome is launched
2023-06-26 17:36:40,886 [14] INFO  SeleniumWithSpecflow.Hooks.Hooks - Application is working
2023-06-26 17:37:52,201 [14] INFO  SeleniumWithSpecflow.Hooks.Hooks - Application is working
2023-06-26 17:37:56,628 [14] INFO  SeleniumWithSpecflow.Utlities.GenericMethods - Desktop Chrome is launched
2023-06-26 17:39:55,969 [15] INFO  SeleniumWithSpecflow.Hooks.Hooks - Application is working
2023-06-26 17:39:59,821 [15] INFO  SeleniumWithSpecflow.Utlities.GenericMethods - Desktop Chrome is launched
2023-06-26 17:40:03,607 [15] INFO  SeleniumWithSpecflow.Utlities.GenericMethods - Browse jobs is clicked
2023-06-26 17:40:07,961 [15] INFO  SeleniumWithSpecflow.Pages.FreeLancerPage - Navigated to https://www.freelancer.com/jobs
2023-06-26 17:40:08,043 [15] INFO  SeleniumWithSpecflow.Utlities.GenericMethods - Top Jobs is scrapped from UI
2023-06-26 17:40:08,068 [15] INFO  SeleniumWithSpecflow.Pages.FreeLancerPage - Top Jobs is present
2023-06-26 17:40:08,348 [15] INFO  SeleniumWithSpecflow.Utlities.GenericMethods - automation testing is enetered through Element (id = 20E9183BAE35BA842284667B2E64A53C_element_119)
2023-06-26 17:40:08,354 [15] INFO  SeleniumWithSpecflow.Pages.FreeLancerPage - serach keyword entered as automation testing in https://www.freelancer.com/jobs
2023-06-26 19:08:29,887 [14] INFO  SeleniumWithSpecflow.Hooks.Hooks - Application is working
2023-06-26 19:08:40,040 [14] INFO  SeleniumWithSpecflow.Utlities.GenericMethods - Desktop Chrome is launched
2023-06-26 19:08:44,859 [14] INFO  SeleniumWithSpecflow.Utlities.GenericMethods - Browse jobs is clicked
2023-06-26 19:08:51,356 [14] INFO  SeleniumWithSpecflow.Pages.FreeLancerPage - Navigated to https://www.freelancer.com/jobs
2023-06-26 19:08:51,550 [14] INFO  SeleniumWithSpecflow.Utlities.GenericMethods - Top Jobs is scrapped from UI
2023-06-26 19:08:51,633 [14] INFO  SeleniumWithSpecflow.Pages.FreeLancerPage - Top Jobs is present
2023-06-26 19:08:54,172 [14] INFO  SeleniumWithSpecflow.Utlities.GenericMethods - automation testing is enetered through Element (id = 8A64B87EBFFC4E6F0532906098EF646B_element_143)
2023-06-26 19:08:54,246 [14] INFO  SeleniumWithSpecflow.Pages.FreeLancerPage - serach keyword entered as automation testing in https://www.freelancer.com/jobs
2023-06-26 19:08:54,348 [14] INFO  SeleniumWithSpecflow.Utlities.GenericMethods - Navigated to site with title : True
2023-06-26 19:33:56,992 [13] INFO  SeleniumWithSpecflow.Hooks.Hooks - Application is working
2023-06-26 19:34:02,272 [13] INFO  SeleniumWithSpecflow.Utlities.GenericMethods - Desktop Chrome is launched
2023-06-26 19:34:11,263 [13] INFO  SeleniumWithSpecflow.Utlities.GenericMethods - Browse jobs is clicked
2023-06-26 19:34:11,269 [13] INFO  SeleniumWithSpecflow.Pages.FreeLancerPage - Navigated to https://www.freelancer.com/jobs
2023-06-26 19:34:11,356 [13] INFO  SeleniumWithSpecflow.Utlities.GenericMethods - Top Jobs is scrapped from UI
2023-06-26 19:34:11,381 [13] INFO  SeleniumWithSpecflow.Pages.FreeLancerPage - Top Jobs is present
2023-06-26 19:34:11,697 [13] INFO  SeleniumWithSpecflow.Utlities.GenericMethods - automation testing is enetered through Element (id = 2BA954ED03EB3874F6A05AC93D196605_element_132)
2023-06-26 19:34:11,702 [13] INFO  SeleniumWithSpecflow.Pages.FreeLancerPage - serach keyword entered as automation testing in https://www.freelancer.com/jobs
2023-06-26 19:40:41,685 [15] INFO  SeleniumWithSpecflow.Hooks.Hooks - Application is working
2023-06-26 19:40:45,407 [15] INFO  SeleniumWithSpecflow.Utlities.GenericMethods - Desktop Chrome is launched
2023-06-26 19:40:50,850 [15] INFO  SeleniumWithSpecflow.Utlities.GenericMethods - Browse jobs is clicked
2023-06-26 19:40:55,615 [15] INFO  SeleniumWithSpecflow.Pages.FreeLancerPage - Navigated to https://www.freelancer.com/jobs
2023-06-26 19:40:55,701 [15] INFO  SeleniumWithSpecflow.Utlities.GenericMethods - Top Jobs is scrapped from UI
2023-06-26 19:40:55,722 [15] INFO  SeleniumWithSpecflow.Pages.FreeLancerPage - Top Jobs is present
2023-06-26 19:40:56,040 [15] INFO  SeleniumWithSpecflow.Utlities.GenericMethods - automation testing is enetered through Element (id = DA5D8929520533EA13BFBF9939F7DAD6_element_129)
2023-06-26 19:40:56,060 [15] INFO  SeleniumWithSpecflow.Pages.FreeLancerPage - serach keyword entered as automation testing in https://www.freelancer.com/jobs
2023-06-26 19:40:56,135 [15] INFO  SeleniumWithSpecflow.Utlities.GenericMethods - Navigated to site with title : True
2023-06-26 19:40:56,425 [15] INFO  SeleniumWithSpecflow.Pages.FreeLancerPage - search is able to work on the keyword
2023-06-26 19:41:15,367 [14] INFO  SeleniumWithSpecflow.Hooks.Hooks - Application is working
2023-06-26 19:41:41,259 [15] INFO  SeleniumWithSpecflow.Hooks.Hooks - Application is working
2023-06-26 19:41:44,840 [15] INFO  SeleniumWithSpecflow.Utlities.GenericMethods - Desktop Chrome is launched
2023-06-26 19:41:53,255 [15] INFO  SeleniumWithSpecflow.Utlities.GenericMethods - Browse jobs is clicked
2023-06-26 19:41:53,262 [15] INFO  SeleniumWithSpecflow.Pages.FreeLancerPage - Navigated to https://www.freelancer.com/jobs
2023-06-26 19:41:53,339 [15] INFO  SeleniumWithSpecflow.Utlities.GenericMethods - Top Jobs is scrapped from UI
2023-06-26 19:41:53,362 [15] INFO  SeleniumWithSpecflow.Pages.FreeLancerPage - Top Jobs is present
2023-06-26 19:41:53,660 [15] INFO  SeleniumWithSpecflow.Utlities.GenericMethods - automation testing is enetered through Element (id = 19CE58F5643DD770C4F5289BBCD271A7_element_154)
2023-06-26 19:41:53,686 [15] INFO  SeleniumWithSpecflow.Pages.FreeLancerPage - serach keyword entered as automation testing in https://www.freelancer.com/jobs
2023-06-26 19:41:53,758 [15] INFO  SeleniumWithSpecflow.Utlities.GenericMethods - Navigated to site with title : True
2023-06-26 19:41:54,051 [15] INFO  SeleniumWithSpecflow.Pages.FreeLancerPage - search is able to work on the keyword
2023-06-26 19:43:02,244 [14] INFO  SeleniumWithSpecflow.Hooks.Hooks - Application is working
2023-06-26 19:43:05,805 [14] INFO  SeleniumWithSpecflow.Utlities.GenericMethods - Desktop Chrome is launched
2023-06-26 19:43:15,236 [14] INFO  SeleniumWithSpecflow.Utlities.GenericMethods - Browse jobs is clicked
2023-06-26 19:43:15,244 [14] INFO  SeleniumWithSpecflow.Pages.FreeLancerPage - Navigated to https://www.freelancer.com/jobs
2023-06-26 19:43:15,339 [14] INFO  SeleniumWithSpecflow.Utlities.GenericMethods - Top Jobs is scrapped from UI
2023-06-26 19:43:15,377 [14] INFO  SeleniumWithSpecflow.Pages.FreeLancerPage - Top Jobs is present
2023-06-26 19:43:15,736 [14] INFO  SeleniumWithSpecflow.Utlities.GenericMethods - automation testing is enetered through Element (id = 737D5CCEC1BF2336746935989E245FEC_element_136)
2023-06-26 19:43:15,742 [14] INFO  SeleniumWithSpecflow.Pages.FreeLancerPage - serach keyword entered as automation testing in https://www.freelancer.com/jobs
2023-06-26 19:43:59,127 [14] INFO  SeleniumWithSpecflow.Utlities.GenericMethods - Navigated to site with title : True
2023-06-26 19:49:22,032 [13] INFO  SeleniumWithSpecflow.Hooks.Hooks - Application is working
2023-06-26 19:49:25,726 [13] INFO  SeleniumWithSpecflow.Utlities.GenericMethods - Desktop Chrome is launched
2023-06-26 19:49:35,304 [13] INFO  SeleniumWithSpecflow.Utlities.GenericMethods - Browse jobs is clicked
2023-06-26 19:49:35,315 [13] INFO  SeleniumWithSpecflow.Pages.FreeLancerPage - Navigated to https://www.freelancer.com/jobs
2023-06-26 19:49:35,381 [13] INFO  SeleniumWithSpecflow.Utlities.GenericMethods - Navigated to site with title : True
2023-06-26 19:49:35,461 [13] INFO  SeleniumWithSpecflow.Utlities.GenericMethods - Top Jobs is scrapped from UI
2023-06-26 19:49:35,483 [13] INFO  SeleniumWithSpecflow.Pages.FreeLancerPage - Top Jobs is present
2023-06-26 19:49:35,787 [13] INFO  SeleniumWithSpecflow.Utlities.GenericMethods - automation testing is enetered through Element (id = 4FD94219DF62D6E3CF6B4EE828C3E4AC_element_131)
2023-06-26 19:49:35,798 [13] INFO  SeleniumWithSpecflow.Pages.FreeLancerPage - serach keyword entered as automation testing in https://www.freelancer.com/jobs
2023-06-26 19:49:35,882 [13] INFO  SeleniumWithSpecflow.Utlities.GenericMethods - Browse All Jobs is scrapped from UI
2023-06-26 19:52:44,027 [13] INFO  SeleniumWithSpecflow.Hooks.Hooks - Application is working
2023-06-26 19:52:47,565 [13] INFO  SeleniumWithSpecflow.Utlities.GenericMethods - Desktop Chrome is launched
2023-06-26 19:52:59,429 [13] INFO  SeleniumWithSpecflow.Utlities.GenericMethods - Browse jobs is clicked
2023-06-26 19:52:59,440 [13] INFO  SeleniumWithSpecflow.Pages.FreeLancerPage - Navigated to https://www.freelancer.com/jobs
2023-06-26 19:52:59,511 [13] INFO  SeleniumWithSpecflow.Utlities.GenericMethods - Navigated to site with title : True
2023-06-26 19:52:59,592 [13] INFO  SeleniumWithSpecflow.Utlities.GenericMethods - Top Jobs is scrapped from UI
2023-06-26 19:52:59,619 [13] INFO  SeleniumWithSpecflow.Pages.FreeLancerPage - Top Jobs is present
2023-06-26 19:52:59,944 [13] INFO  SeleniumWithSpecflow.Utlities.GenericMethods - automation testing is enetered through Element (id = 9BA65CDC78A844082ABD83358234C7F1_element_135)
2023-06-26 19:52:59,955 [13] INFO  SeleniumWithSpecflow.Pages.FreeLancerPage - serach keyword entered as automation testing in https://www.freelancer.com/jobs
2023-06-26 19:53:00,147 [13] INFO  SeleniumWithSpecflow.Utlities.GenericMethods - Browse All Jobs is scrapped from UI
2023-06-26 19:53:18,411 [16] INFO  SeleniumWithSpecflow.Hooks.Hooks - Application is working
2023-06-26 19:53:21,947 [16] INFO  SeleniumWithSpecflow.Utlities.GenericMethods - Desktop Chrome is launched
2023-06-26 19:53:30,544 [16] INFO  SeleniumWithSpecflow.Utlities.GenericMethods - Browse jobs is clicked
2023-06-26 19:53:30,560 [16] INFO  SeleniumWithSpecflow.Pages.FreeLancerPage - Navigated to https://www.freelancer.com/jobs
2023-06-26 19:53:30,654 [16] INFO  SeleniumWithSpecflow.Utlities.GenericMethods - Navigated to site with title : True
2023-06-26 19:53:30,746 [16] INFO  SeleniumWithSpecflow.Utlities.GenericMethods - Top Jobs is scrapped from UI
2023-06-26 19:53:30,771 [16] INFO  SeleniumWithSpecflow.Pages.FreeLancerPage - Top Jobs is present
2023-06-26 19:53:31,077 [16] INFO  SeleniumWithSpecflow.Utlities.GenericMethods - automation testing is enetered through Element (id = 2553BF72129E16B8924B49838A9FCCF4_element_135)
2023-06-26 19:53:31,090 [16] INFO  SeleniumWithSpecflow.Pages.FreeLancerPage - serach keyword entered as automation testing in https://www.freelancer.com/jobs
2023-06-26 19:53:57,584 [16] INFO  SeleniumWithSpecflow.Utlities.GenericMethods - automation is scrapped from UI
2023-06-26 19:55:13,087 [16] INFO  SeleniumWithSpecflow.Pages.FreeLancerPage - search is able to work on the keyword
2023-06-26 19:55:53,818 [15] INFO  SeleniumWithSpecflow.Hooks.Hooks - Application is working
2023-06-26 19:55:58,034 [15] INFO  SeleniumWithSpecflow.Utlities.GenericMethods - Desktop Chrome is launched
2023-06-26 19:56:01,868 [15] INFO  SeleniumWithSpecflow.Utlities.GenericMethods - Browse jobs is clicked
2023-06-26 19:56:07,201 [15] INFO  SeleniumWithSpecflow.Pages.FreeLancerPage - Navigated to https://www.freelancer.com/jobs
2023-06-26 19:56:07,296 [15] INFO  SeleniumWithSpecflow.Utlities.GenericMethods - Navigated to site with title : True
2023-06-26 19:56:07,385 [15] INFO  SeleniumWithSpecflow.Utlities.GenericMethods - Top Jobs is scrapped from UI
2023-06-26 19:56:07,410 [15] INFO  SeleniumWithSpecflow.Pages.FreeLancerPage - Top Jobs is present
2023-06-26 19:56:07,741 [15] INFO  SeleniumWithSpecflow.Utlities.GenericMethods - automation testing is enetered through Element (id = 5D3915BDE80DB0F0C138672E3F979917_element_128)
2023-06-26 19:56:07,749 [15] INFO  SeleniumWithSpecflow.Pages.FreeLancerPage - serach keyword entered as automation testing in https://www.freelancer.com/jobs
2023-06-26 19:56:24,573 [15] INFO  SeleniumWithSpecflow.Utlities.GenericMethods - Browse All Jobs is scrapped from UI
2023-06-26 19:58:54,186 [13] INFO  SeleniumWithSpecflow.Hooks.Hooks - Application is working
2023-06-26 19:58:58,190 [13] INFO  SeleniumWithSpecflow.Utlities.GenericMethods - Desktop Chrome is launched
2023-06-26 19:59:03,209 [13] INFO  SeleniumWithSpecflow.Utlities.GenericMethods - Browse jobs is clicked
2023-06-26 19:59:09,024 [13] INFO  SeleniumWithSpecflow.Pages.FreeLancerPage - Navigated to https://www.freelancer.com/jobs
2023-06-26 19:59:09,120 [13] INFO  SeleniumWithSpecflow.Utlities.GenericMethods - Navigated to site with title : True
2023-06-26 19:59:09,213 [13] INFO  SeleniumWithSpecflow.Utlities.GenericMethods - Top Jobs is scrapped from UI
2023-06-26 19:59:09,237 [13] INFO  SeleniumWithSpecflow.Pages.FreeLancerPage - Top Jobs is present
2023-06-26 19:59:09,593 [13] INFO  SeleniumWithSpecflow.Utlities.GenericMethods - automation testing is enetered through Element (id = 801DE3D2046975015867B8B92FEEDC0F_element_129)
2023-06-26 19:59:09,604 [13] INFO  SeleniumWithSpecflow.Pages.FreeLancerPage - serach keyword entered as automation testing in https://www.freelancer.com/jobs
2023-06-26 20:02:00,445 [13] INFO  SeleniumWithSpecflow.Hooks.Hooks - Application is working
2023-06-26 20:02:04,288 [13] INFO  SeleniumWithSpecflow.Utlities.GenericMethods - Desktop Chrome is launched
2023-06-26 20:02:12,953 [13] INFO  SeleniumWithSpecflow.Utlities.GenericMethods - Browse jobs is clicked
2023-06-26 20:02:12,960 [13] INFO  SeleniumWithSpecflow.Pages.FreeLancerPage - Navigated to https://www.freelancer.com/jobs
2023-06-26 20:02:13,029 [13] INFO  SeleniumWithSpecflow.Utlities.GenericMethods - Navigated to site with title : True
2023-06-26 20:02:13,112 [13] INFO  SeleniumWithSpecflow.Utlities.GenericMethods - Top Jobs is scrapped from UI
2023-06-26 20:02:13,136 [13] INFO  SeleniumWithSpecflow.Pages.FreeLancerPage - Top Jobs is present
2023-06-26 20:02:13,488 [13] INFO  SeleniumWithSpecflow.Utlities.GenericMethods - automation testing is enetered through Element (id = F8556AC32117ED7FC3C6925FC6DA47B5_element_120)
2023-06-26 20:02:13,493 [13] INFO  SeleniumWithSpecflow.Pages.FreeLancerPage - serach keyword entered as automation testing in https://www.freelancer.com/jobs
2023-06-26 20:02:14,167 [13] INFO  SeleniumWithSpecflow.Utlities.GenericMethods - Element (id = F8556AC32117ED7FC3C6925FC6DA47B5_element_143) is visible in UI
2023-06-26 20:02:14,200 [13] INFO  SeleniumWithSpecflow.Pages.FreeLancerPage - search is able to work on the keyword
2023-06-26 20:02:26,164 [13] INFO  SeleniumWithSpecflow.Hooks.Hooks - Application is working
2023-06-26 20:02:30,011 [13] INFO  SeleniumWithSpecflow.Utlities.GenericMethods - Desktop Chrome is launched
2023-06-26 20:02:34,391 [13] INFO  SeleniumWithSpecflow.Utlities.GenericMethods - Browse jobs is clicked
2023-06-26 20:02:39,606 [13] INFO  SeleniumWithSpecflow.Pages.FreeLancerPage - Navigated to https://www.freelancer.com/jobs
2023-06-26 20:02:39,684 [13] INFO  SeleniumWithSpecflow.Utlities.GenericMethods - Navigated to site with title : True
2023-06-26 20:02:39,772 [13] INFO  SeleniumWithSpecflow.Utlities.GenericMethods - Top Jobs is scrapped from UI
2023-06-26 20:02:39,798 [13] INFO  SeleniumWithSpecflow.Pages.FreeLancerPage - Top Jobs is present
2023-06-26 20:02:40,156 [13] INFO  SeleniumWithSpecflow.Utlities.GenericMethods - automation testing is enetered through Element (id = 63F23A23ACD6ECC6C239A175284B60F9_element_119)
2023-06-26 20:02:40,162 [13] INFO  SeleniumWithSpecflow.Pages.FreeLancerPage - serach keyword entered as automation testing in https://www.freelancer.com/jobs
2023-06-26 20:02:40,888 [13] INFO  SeleniumWithSpecflow.Utlities.GenericMethods - Element (id = 63F23A23ACD6ECC6C239A175284B60F9_element_142) is visible in UI
2023-06-26 20:02:40,943 [13] INFO  SeleniumWithSpecflow.Pages.FreeLancerPage - search is able to work on the keyword
2023-06-26 20:05:17,340 [13] INFO  SeleniumWithSpecflow.Hooks.Hooks - Application is working
2023-06-26 20:05:21,070 [13] INFO  SeleniumWithSpecflow.Utlities.GenericMethods - Desktop Chrome is launched
2023-06-26 20:05:25,235 [13] INFO  SeleniumWithSpecflow.Utlities.GenericMethods - hovered to Element (id = C275C7B5D90CDF5B4B01EA2F07BD1FD4_element_36)
2023-06-26 20:05:25,627 [13] INFO  SeleniumWithSpecflow.Utlities.GenericMethods - hovered to Element (id = C275C7B5D90CDF5B4B01EA2F07BD1FD4_element_56)
2023-06-26 20:05:25,879 [13] INFO  SeleniumWithSpecflow.Utlities.GenericMethods - Browse jobs is clicked
2023-06-26 20:05:31,145 [13] INFO  SeleniumWithSpecflow.Utlities.GenericMethods - Navigated to site with title : True
2023-06-26 20:05:32,651 [13] INFO  SeleniumWithSpecflow.Utlities.GenericMethods - Browse jobs is clicked
2023-06-26 20:05:37,768 [13] INFO  SeleniumWithSpecflow.Utlities.GenericMethods - Element (id = 620CAE8D361077B8986EDCAF424A5D31_element_46) is visible in UI
2023-06-26 20:05:52,427 [13] INFO  SeleniumWithSpecflow.Hooks.Hooks - Application is working
2023-06-26 20:05:56,137 [13] INFO  SeleniumWithSpecflow.Utlities.GenericMethods - Desktop Chrome is launched
2023-06-26 20:05:58,739 [13] INFO  SeleniumWithSpecflow.Utlities.GenericMethods - locked_out_user is enetered through Element (id = E2C4B281780A3BD450CB20602B401ECA_element_6)
2023-06-26 20:05:58,968 [13] INFO  SeleniumWithSpecflow.Utlities.GenericMethods - standard_user is enetered through Element (id = E2C4B281780A3BD450CB20602B401ECA_element_6)
2023-06-26 20:05:59,208 [13] INFO  SeleniumWithSpecflow.Utlities.GenericMethods - secret_sauce is enetered through Element (id = E2C4B281780A3BD450CB20602B401ECA_element_2)
2023-06-26 20:05:59,689 [13] INFO  SeleniumWithSpecflow.Utlities.GenericMethods - Products is scrapped from UI
2023-06-26 20:06:21,197 [13] INFO  SeleniumWithSpecflow.Hooks.Hooks - Application is working
2023-06-26 20:06:25,072 [13] INFO  SeleniumWithSpecflow.Utlities.GenericMethods - Desktop Chrome is launched
2023-06-26 20:06:32,867 [13] INFO  SeleniumWithSpecflow.Utlities.GenericMethods - Element (id = 1A9F7C1D6CD64CC7639B9B798FF88873_element_87) is visible in UI
2023-06-26 20:06:32,956 [13] INFO  SeleniumWithSpecflow.Utlities.GenericMethods - Element (id = 1A9F7C1D6CD64CC7639B9B798FF88873_element_88) is visible in UI
2023-06-26 20:06:33,037 [13] INFO  SeleniumWithSpecflow.Utlities.GenericMethods - Element (id = 1A9F7C1D6CD64CC7639B9B798FF88873_element_89) is visible in UI
2023-06-26 20:06:33,108 [13] INFO  SeleniumWithSpecflow.Utlities.GenericMethods - Element (id = 1A9F7C1D6CD64CC7639B9B798FF88873_element_90) is visible in UI
2023-06-26 20:06:33,166 [13] INFO  SeleniumWithSpecflow.Utlities.GenericMethods - Element (id = 1A9F7C1D6CD64CC7639B9B798FF88873_element_91) is visible in UI
2023-06-26 20:06:33,214 [13] INFO  SeleniumWithSpecflow.Utlities.GenericMethods - Element (id = 1A9F7C1D6CD64CC7639B9B798FF88873_element_92) is visible in UI
2023-06-26 20:08:14,180 [14] INFO  SeleniumWithSpecflow.Hooks.Hooks - Application is working
2023-06-26 20:08:17,805 [14] INFO  SeleniumWithSpecflow.Utlities.GenericMethods - Desktop Chrome is launched
2023-06-26 20:08:24,385 [14] INFO  SeleniumWithSpecflow.Utlities.GenericMethods - Element (id = C4759F79283AB67D32837EFA2365F437_element_90) is visible in UI
2023-06-26 20:08:24,493 [14] INFO  SeleniumWithSpecflow.Utlities.GenericMethods - Element (id = C4759F79283AB67D32837EFA2365F437_element_91) is visible in UI
2023-06-26 20:08:24,550 [14] INFO  SeleniumWithSpecflow.Utlities.GenericMethods - Element (id = C4759F79283AB67D32837EFA2365F437_element_92) is visible in UI
2023-06-26 20:08:24,595 [14] INFO  SeleniumWithSpecflow.Utlities.GenericMethods - Element (id = C4759F79283AB67D32837EFA2365F437_element_93) is visible in UI
2023-06-26 20:08:24,637 [14] INFO  SeleniumWithSpecflow.Utlities.GenericMethods - Element (id = C4759F79283AB67D32837EFA2365F437_element_94) is visible in UI
2023-06-26 20:08:24,692 [14] INFO  SeleniumWithSpecflow.Utlities.GenericMethods - Element (id = C4759F79283AB67D32837EFA2365F437_element_95) is visible in UI
2023-06-26 20:08:26,374 [14] INFO  SeleniumWithSpecflow.Hooks.Hooks - Application is working
2023-06-26 20:08:31,131 [14] INFO  SeleniumWithSpecflow.Utlities.GenericMethods - Desktop Chrome is launched
2023-06-26 20:08:43,793 [14] INFO  SeleniumWithSpecflow.Utlities.GenericMethods - Browse jobs is clicked
2023-06-26 20:08:43,806 [14] INFO  SeleniumWithSpecflow.Pages.FreeLancerPage - Navigated to https://www.freelancer.com/jobs
2023-06-26 20:08:43,818 [14] INFO  SeleniumWithSpecflow.Utlities.GenericMethods - Navigated to site with title : True
2023-06-26 20:08:43,931 [14] INFO  SeleniumWithSpecflow.Utlities.GenericMethods - Top Jobs is scrapped from UI
2023-06-26 20:08:43,956 [14] INFO  SeleniumWithSpecflow.Pages.FreeLancerPage - Top Jobs is present
2023-06-26 20:08:44,314 [14] INFO  SeleniumWithSpecflow.Utlities.GenericMethods - automation testing is enetered through Element (id = E81B14AA74D394A469B4DE1A28623810_element_146)
2023-06-26 20:08:44,321 [14] INFO  SeleniumWithSpecflow.Pages.FreeLancerPage - serach keyword entered as automation testing in https://www.freelancer.com/jobs
2023-06-26 20:08:45,121 [14] INFO  SeleniumWithSpecflow.Utlities.GenericMethods - Element (id = E81B14AA74D394A469B4DE1A28623810_element_155) is visible in UI
2023-06-26 20:08:45,169 [14] INFO  SeleniumWithSpecflow.Pages.FreeLancerPage - search is able to work on the keyword
2023-06-26 20:08:45,995 [14] INFO  SeleniumWithSpecflow.Hooks.Hooks - Application is working
2023-06-26 20:08:50,737 [14] INFO  SeleniumWithSpecflow.Utlities.GenericMethods - Desktop Chrome is launched
2023-06-26 20:08:57,410 [14] INFO  SeleniumWithSpecflow.Utlities.GenericMethods - hovered to Element (id = 799333366FBF34A6FAC97ABA37414C98_element_35)
2023-06-26 20:08:58,172 [14] INFO  SeleniumWithSpecflow.Utlities.GenericMethods - hovered to Element (id = 799333366FBF34A6FAC97ABA37414C98_element_55)
2023-06-26 20:09:09,439 [14] INFO  SeleniumWithSpecflow.Utlities.GenericMethods - Browse jobs is clicked
2023-06-26 20:09:09,635 [14] INFO  SeleniumWithSpecflow.Utlities.GenericMethods - Navigated to site with title : True
2023-06-26 20:09:30,474 [14] INFO  SeleniumWithSpecflow.Utlities.GenericMethods - Browse jobs is clicked
2023-06-26 20:09:36,191 [14] INFO  SeleniumWithSpecflow.Utlities.GenericMethods - Element (id = 48B050E1D91D801B1FF5218E86A08D59_element_61) is visible in UI
2023-06-26 20:09:37,546 [14] INFO  SeleniumWithSpecflow.Hooks.Hooks - Application is working
2023-06-26 20:09:41,588 [14] INFO  SeleniumWithSpecflow.Utlities.GenericMethods - Desktop Chrome is launched
2023-06-26 20:09:43,119 [14] INFO  SeleniumWithSpecflow.Utlities.GenericMethods - locked_out_user is enetered through Element (id = A012152DA92073E6CB7164D00DE1619D_element_8)
2023-06-26 20:09:43,422 [14] INFO  SeleniumWithSpecflow.Utlities.GenericMethods - standard_user is enetered through Element (id = A012152DA92073E6CB7164D00DE1619D_element_8)
2023-06-26 20:09:43,756 [14] INFO  SeleniumWithSpecflow.Utlities.GenericMethods - secret_sauce is enetered through Element (id = A012152DA92073E6CB7164D00DE1619D_element_2)
2023-06-26 20:09:44,346 [14] INFO  SeleniumWithSpecflow.Utlities.GenericMethods - Products is scrapped from UI
2023-06-26 20:10:03,643 [13] INFO  SeleniumWithSpecflow.Hooks.Hooks - Application is working
2023-06-26 20:10:07,139 [13] INFO  SeleniumWithSpecflow.Utlities.GenericMethods - Desktop Chrome is launched
2023-06-26 20:11:14,384 [13] INFO  SeleniumWithSpecflow.Hooks.Hooks - Application is working
2023-06-26 20:11:17,923 [13] INFO  SeleniumWithSpecflow.Utlities.GenericMethods - Desktop Chrome is launched
2023-06-26 20:11:24,940 [13] INFO  SeleniumWithSpecflow.Utlities.GenericMethods - Element (id = 68E6A6313CDC2EF6CAFBAEAF5CE82018_element_90) is visible in UI
2023-06-26 20:11:25,034 [13] INFO  SeleniumWithSpecflow.Utlities.GenericMethods - Element (id = 68E6A6313CDC2EF6CAFBAEAF5CE82018_element_91) is visible in UI
2023-06-26 20:11:25,084 [13] INFO  SeleniumWithSpecflow.Utlities.GenericMethods - Element (id = 68E6A6313CDC2EF6CAFBAEAF5CE82018_element_92) is visible in UI
2023-06-26 20:11:25,186 [13] INFO  SeleniumWithSpecflow.Utlities.GenericMethods - Element (id = 68E6A6313CDC2EF6CAFBAEAF5CE82018_element_93) is visible in UI
2023-06-26 20:11:25,240 [13] INFO  SeleniumWithSpecflow.Utlities.GenericMethods - Element (id = 68E6A6313CDC2EF6CAFBAEAF5CE82018_element_94) is visible in UI
2023-06-26 20:11:25,302 [13] INFO  SeleniumWithSpecflow.Utlities.GenericMethods - Element (id = 68E6A6313CDC2EF6CAFBAEAF5CE82018_element_95) is visible in UI
2023-06-26 20:12:01,971 [13] INFO  SeleniumWithSpecflow.Hooks.Hooks - Application is working
2023-06-26 20:12:05,702 [13] INFO  SeleniumWithSpecflow.Utlities.GenericMethods - Desktop Chrome is launched
2023-06-26 20:12:13,246 [13] INFO  SeleniumWithSpecflow.Utlities.GenericMethods - Element (id = 4AA9BB1C63B98030E1F57A8C60A69511_element_86) is visible in UI
2023-06-26 20:12:13,319 [13] INFO  SeleniumWithSpecflow.Utlities.GenericMethods - Element (id = 4AA9BB1C63B98030E1F57A8C60A69511_element_87) is visible in UI
2023-06-26 20:12:13,362 [13] INFO  SeleniumWithSpecflow.Utlities.GenericMethods - Element (id = 4AA9BB1C63B98030E1F57A8C60A69511_element_88) is visible in UI
2023-06-26 20:12:13,402 [13] INFO  SeleniumWithSpecflow.Utlities.GenericMethods - Element (id = 4AA9BB1C63B98030E1F57A8C60A69511_element_89) is visible in UI
2023-06-26 20:12:13,451 [13] INFO  SeleniumWithSpecflow.Utlities.GenericMethods - Element (id = 4AA9BB1C63B98030E1F57A8C60A69511_element_90) is visible in UI
2023-06-26 20:12:13,503 [13] INFO  SeleniumWithSpecflow.Utlities.GenericMethods - Element (id = 4AA9BB1C63B98030E1F57A8C60A69511_element_91) is visible in UI
2023-06-26 20:12:15,048 [13] INFO  SeleniumWithSpecflow.Hooks.Hooks - Application is working
2023-06-26 20:12:19,035 [13] INFO  SeleniumWithSpecflow.Utlities.GenericMethods - Desktop Chrome is launched
2023-06-26 20:12:29,889 [13] INFO  SeleniumWithSpecflow.Utlities.GenericMethods - Browse jobs is clicked
2023-06-26 20:12:29,922 [13] INFO  SeleniumWithSpecflow.Pages.FreeLancerPage - Navigated to https://www.freelancer.com/jobs
2023-06-26 20:12:29,936 [13] INFO  SeleniumWithSpecflow.Utlities.GenericMethods - Navigated to site with title : True
2023-06-26 20:12:30,071 [13] INFO  SeleniumWithSpecflow.Utlities.GenericMethods - Top Jobs is scrapped from UI
2023-06-26 20:12:30,123 [13] INFO  SeleniumWithSpecflow.Pages.FreeLancerPage - Top Jobs is present
2023-06-26 20:12:30,486 [13] INFO  SeleniumWithSpecflow.Utlities.GenericMethods - automation testing is enetered through Element (id = D3C7E37E53BCD43CC0C20FFC6EFFC201_element_146)
2023-06-26 20:12:30,505 [13] INFO  SeleniumWithSpecflow.Pages.FreeLancerPage - serach keyword entered as automation testing in https://www.freelancer.com/jobs
2023-06-26 20:12:31,292 [13] INFO  SeleniumWithSpecflow.Utlities.GenericMethods - Element (id = D3C7E37E53BCD43CC0C20FFC6EFFC201_element_166) is visible in UI
2023-06-26 20:12:31,362 [13] INFO  SeleniumWithSpecflow.Pages.FreeLancerPage - search is able to work on the keyword
2023-06-26 20:12:32,926 [13] INFO  SeleniumWithSpecflow.Hooks.Hooks - Application is working
2023-06-26 20:12:37,075 [13] INFO  SeleniumWithSpecflow.Utlities.GenericMethods - Desktop Chrome is launched
2023-06-26 20:12:41,552 [13] INFO  SeleniumWithSpecflow.Utlities.GenericMethods - hovered to Element (id = 996CCCB27C33750DD7ABE0C9B235F55F_element_35)
2023-06-26 20:12:42,065 [13] INFO  SeleniumWithSpecflow.Utlities.GenericMethods - hovered to Element (id = 996CCCB27C33750DD7ABE0C9B235F55F_element_55)
2023-06-26 20:12:48,184 [13] INFO  SeleniumWithSpecflow.Utlities.GenericMethods - Browse jobs is clicked
2023-06-26 20:12:48,301 [13] INFO  SeleniumWithSpecflow.Utlities.GenericMethods - Navigated to site with title : True
2023-06-26 20:12:49,946 [13] INFO  SeleniumWithSpecflow.Utlities.GenericMethods - Browse jobs is clicked
2023-06-26 20:12:55,094 [13] INFO  SeleniumWithSpecflow.Utlities.GenericMethods - Element (id = 2DF601A310D30D86FF089BD5DD7693D1_element_54) is visible in UI
2023-06-26 20:12:56,019 [13] INFO  SeleniumWithSpecflow.Hooks.Hooks - Application is working
2023-06-26 20:13:00,914 [13] INFO  SeleniumWithSpecflow.Utlities.GenericMethods - Desktop Chrome is launched
2023-06-26 20:13:02,498 [13] INFO  SeleniumWithSpecflow.Utlities.GenericMethods - locked_out_user is enetered through Element (id = 93439C05AA970E9BDD44831BD8710557_element_6)
2023-06-26 20:13:02,823 [13] INFO  SeleniumWithSpecflow.Utlities.GenericMethods - standard_user is enetered through Element (id = 93439C05AA970E9BDD44831BD8710557_element_6)
2023-06-26 20:13:03,082 [13] INFO  SeleniumWithSpecflow.Utlities.GenericMethods - secret_sauce is enetered through Element (id = 93439C05AA970E9BDD44831BD8710557_element_2)
2023-06-26 20:13:03,371 [13] INFO  SeleniumWithSpecflow.Utlities.GenericMethods - Products is scrapped from UI
2023-06-26 20:13:56,019 [13] INFO  SeleniumWithSpecflow.Hooks.Hooks - Application is working
2023-06-26 20:14:00,083 [13] INFO  SeleniumWithSpecflow.Utlities.GenericMethods - Desktop Chrome is launched
2023-06-26 20:14:28,592 [13] INFO  SeleniumWithSpecflow.Hooks.Hooks - Application is working
2023-06-26 20:14:35,057 [13] INFO  SeleniumWithSpecflow.Utlities.GenericMethods - Desktop Chrome is launched
2023-06-26 20:15:02,828 [13] INFO  SeleniumWithSpecflow.Hooks.Hooks - Application is working
2023-06-26 20:15:08,339 [13] INFO  SeleniumWithSpecflow.Utlities.GenericMethods - Desktop Chrome is launched
2023-06-26 20:27:43,699 [13] INFO  SeleniumWithSpecflow.Hooks.Hooks - Application is working
2023-06-26 20:27:48,844 [13] INFO  SeleniumWithSpecflow.Utlities.GenericMethods - Desktop Chrome is launched
2023-06-26 20:27:57,628 [13] INFO  SeleniumWithSpecflow.Utlities.GenericMethods - Element (id = 171A25E0CBECD46F5B8CBB6C6BB2FA6C_element_90) is visible in UI
2023-06-26 20:27:57,727 [13] INFO  SeleniumWithSpecflow.Utlities.GenericMethods - Element (id = 171A25E0CBECD46F5B8CBB6C6BB2FA6C_element_91) is visible in UI
2023-06-26 20:27:57,769 [13] INFO  SeleniumWithSpecflow.Utlities.GenericMethods - Element (id = 171A25E0CBECD46F5B8CBB6C6BB2FA6C_element_92) is visible in UI
2023-06-26 20:27:57,807 [13] INFO  SeleniumWithSpecflow.Utlities.GenericMethods - Element (id = 171A25E0CBECD46F5B8CBB6C6BB2FA6C_element_93) is visible in UI
2023-06-26 20:27:57,844 [13] INFO  SeleniumWithSpecflow.Utlities.GenericMethods - Element (id = 171A25E0CBECD46F5B8CBB6C6BB2FA6C_element_94) is visible in UI
2023-06-26 20:27:57,885 [13] INFO  SeleniumWithSpecflow.Utlities.GenericMethods - Element (id = 171A25E0CBECD46F5B8CBB6C6BB2FA6C_element_95) is visible in UI
2023-06-26 20:27:59,382 [13] INFO  SeleniumWithSpecflow.Hooks.Hooks - Application is working
2023-06-26 20:27:59,507 [13] INFO  SeleniumWithSpecflow.Hooks.Hooks - Application is working
2023-06-26 20:28:03,150 [13] INFO  SeleniumWithSpecflow.Utlities.GenericMethods - Desktop Chrome is launched
2023-06-26 20:28:25,132 [13] INFO  SeleniumWithSpecflow.Utlities.GenericMethods - Browse jobs is clicked
2023-06-26 20:28:25,180 [13] INFO  SeleniumWithSpecflow.Pages.FreeLancerPage - Navigated to https://www.freelancer.com/jobs
2023-06-26 20:28:25,224 [13] INFO  SeleniumWithSpecflow.Utlities.GenericMethods - Navigated to site with title : True
2023-06-26 20:28:25,514 [13] INFO  SeleniumWithSpecflow.Utlities.GenericMethods - Top Jobs is scrapped from UI
2023-06-26 20:28:25,562 [13] INFO  SeleniumWithSpecflow.Pages.FreeLancerPage - Top Jobs is present
2023-06-26 20:28:26,045 [13] INFO  SeleniumWithSpecflow.Utlities.GenericMethods - automation testing is enetered through Element (id = FF95A12D7586AF0D5487F36995F7B4C8_element_122)
2023-06-26 20:28:26,064 [13] INFO  SeleniumWithSpecflow.Pages.FreeLancerPage - serach keyword entered as automation testing in https://www.freelancer.com/jobs
2023-06-26 20:28:31,940 [13] INFO  SeleniumWithSpecflow.Utlities.GenericMethods - Element (id = FF95A12D7586AF0D5487F36995F7B4C8_element_154) is visible in UI
2023-06-26 20:28:32,019 [13] INFO  SeleniumWithSpecflow.Pages.FreeLancerPage - search is able to work on the keyword
2023-06-26 20:28:36,169 [13] INFO  SeleniumWithSpecflow.Hooks.Hooks - Application is working
2023-06-26 20:28:40,218 [13] INFO  SeleniumWithSpecflow.Utlities.GenericMethods - Desktop Chrome is launched
2023-06-26 20:28:46,926 [13] INFO  SeleniumWithSpecflow.Utlities.GenericMethods - hovered to Element (id = A7DDFEDE1438B67E6900593F9C5B3894_element_28)
2023-06-26 20:28:47,344 [13] INFO  SeleniumWithSpecflow.Utlities.GenericMethods - hovered to Element (id = A7DDFEDE1438B67E6900593F9C5B3894_element_47)
2023-06-26 20:28:54,183 [13] INFO  SeleniumWithSpecflow.Utlities.GenericMethods - Browse jobs is clicked
2023-06-26 20:28:54,252 [13] INFO  SeleniumWithSpecflow.Utlities.GenericMethods - Navigated to site with title : True
2023-06-26 20:28:56,757 [13] INFO  SeleniumWithSpecflow.Utlities.GenericMethods - Browse jobs is clicked
2023-06-26 20:29:02,642 [13] INFO  SeleniumWithSpecflow.Utlities.GenericMethods - Element (id = 4477B183454FF41B336B7B8742C087EB_element_67) is visible in UI
2023-06-26 20:29:03,461 [13] INFO  SeleniumWithSpecflow.Hooks.Hooks - Application is working
2023-06-26 20:29:07,704 [13] INFO  SeleniumWithSpecflow.Utlities.GenericMethods - Desktop Chrome is launched
2023-06-26 20:29:09,222 [13] INFO  SeleniumWithSpecflow.Utlities.GenericMethods - locked_out_user is enetered through Element (id = BB36ECF66BE0D34EC54D003B54EEEF21_element_6)
2023-06-26 20:29:09,517 [13] INFO  SeleniumWithSpecflow.Utlities.GenericMethods - standard_user is enetered through Element (id = BB36ECF66BE0D34EC54D003B54EEEF21_element_6)
2023-06-26 20:29:09,769 [13] INFO  SeleniumWithSpecflow.Utlities.GenericMethods - secret_sauce is enetered through Element (id = BB36ECF66BE0D34EC54D003B54EEEF21_element_2)
2023-06-26 20:29:10,242 [13] INFO  SeleniumWithSpecflow.Utlities.GenericMethods - Products is scrapped from UI
2023-06-26 20:31:43,602 [26] INFO  SeleniumWithSpecflow.Hooks.Hooks - Application is working
2023-06-26 20:31:47,664 [26] INFO  SeleniumWithSpecflow.Utlities.GenericMethods - Desktop Chrome is launched
2023-06-26 20:32:26,692 [13] INFO  SeleniumWithSpecflow.Hooks.Hooks - Application is working
2023-06-26 20:32:30,522 [13] INFO  SeleniumWithSpecflow.Utlities.GenericMethods - Desktop Chrome is launched
2023-06-26 20:45:58,947 [13] INFO  SeleniumWithSpecflow.Hooks.Hooks - Application is working
2023-06-26 20:46:02,927 [13] INFO  SeleniumWithSpecflow.Utlities.GenericMethods - Desktop Chrome is launched
2023-06-26 20:46:12,377 [13] INFO  SeleniumWithSpecflow.Utlities.GenericMethods - Element (id = E6417A1A402FD80AFEF046758D00CD0D_element_87) is visible in UI
2023-06-26 20:46:12,453 [13] INFO  SeleniumWithSpecflow.Utlities.GenericMethods - Element (id = E6417A1A402FD80AFEF046758D00CD0D_element_88) is visible in UI
2023-06-26 20:46:12,504 [13] INFO  SeleniumWithSpecflow.Utlities.GenericMethods - Element (id = E6417A1A402FD80AFEF046758D00CD0D_element_89) is visible in UI
2023-06-26 20:46:12,546 [13] INFO  SeleniumWithSpecflow.Utlities.GenericMethods - Element (id = E6417A1A402FD80AFEF046758D00CD0D_element_90) is visible in UI
2023-06-26 20:46:12,592 [13] INFO  SeleniumWithSpecflow.Utlities.GenericMethods - Element (id = E6417A1A402FD80AFEF046758D00CD0D_element_91) is visible in UI
2023-06-26 20:46:12,631 [13] INFO  SeleniumWithSpecflow.Utlities.GenericMethods - Element (id = E6417A1A402FD80AFEF046758D00CD0D_element_92) is visible in UI
2023-06-26 20:46:14,537 [13] INFO  SeleniumWithSpecflow.Hooks.Hooks - Application is working
2023-06-26 20:46:14,661 [13] INFO  SeleniumWithSpecflow.Hooks.Hooks - Application is working
2023-06-26 20:46:18,579 [13] INFO  SeleniumWithSpecflow.Utlities.GenericMethods - Desktop Chrome is launched
2023-06-26 20:46:23,773 [13] INFO  SeleniumWithSpecflow.Utlities.GenericMethods - Browse jobs is clicked
2023-06-26 20:47:15,018 [13] INFO  SeleniumWithSpecflow.Hooks.Hooks - Application is working
2023-06-26 20:47:18,895 [13] INFO  SeleniumWithSpecflow.Utlities.GenericMethods - Desktop Chrome is launched
2023-06-26 20:47:27,436 [13] INFO  SeleniumWithSpecflow.Utlities.GenericMethods - Element (id = 001FB74AE2846F8C802332AC92D654A7_element_88) is visible in UI
2023-06-26 20:47:27,492 [13] INFO  SeleniumWithSpecflow.Utlities.GenericMethods - Element (id = 001FB74AE2846F8C802332AC92D654A7_element_89) is visible in UI
2023-06-26 20:47:27,526 [13] INFO  SeleniumWithSpecflow.Utlities.GenericMethods - Element (id = 001FB74AE2846F8C802332AC92D654A7_element_90) is visible in UI
2023-06-26 20:47:27,559 [13] INFO  SeleniumWithSpecflow.Utlities.GenericMethods - Element (id = 001FB74AE2846F8C802332AC92D654A7_element_91) is visible in UI
2023-06-26 20:47:27,594 [13] INFO  SeleniumWithSpecflow.Utlities.GenericMethods - Element (id = 001FB74AE2846F8C802332AC92D654A7_element_92) is visible in UI
2023-06-26 20:47:27,628 [13] INFO  SeleniumWithSpecflow.Utlities.GenericMethods - Element (id = 001FB74AE2846F8C802332AC92D654A7_element_93) is visible in UI
2023-06-26 20:49:19,156 [13] INFO  SeleniumWithSpecflow.Hooks.Hooks - Application is working
2023-06-26 20:49:23,411 [13] INFO  SeleniumWithSpecflow.Utlities.GenericMethods - Desktop Chrome is launched
2023-06-26 20:49:31,392 [13] INFO  SeleniumWithSpecflow.Utlities.GenericMethods - Element (id = 712680EC311E1E32AD8292736A6B23C9_element_87) is visible in UI
2023-06-26 20:49:31,477 [13] INFO  SeleniumWithSpecflow.Utlities.GenericMethods - Element (id = 712680EC311E1E32AD8292736A6B23C9_element_88) is visible in UI
2023-06-26 20:49:31,515 [13] INFO  SeleniumWithSpecflow.Utlities.GenericMethods - Element (id = 712680EC311E1E32AD8292736A6B23C9_element_89) is visible in UI
2023-06-26 20:49:31,550 [13] INFO  SeleniumWithSpecflow.Utlities.GenericMethods - Element (id = 712680EC311E1E32AD8292736A6B23C9_element_90) is visible in UI
2023-06-26 20:49:31,593 [13] INFO  SeleniumWithSpecflow.Utlities.GenericMethods - Element (id = 712680EC311E1E32AD8292736A6B23C9_element_91) is visible in UI
2023-06-26 20:49:31,638 [13] INFO  SeleniumWithSpecflow.Utlities.GenericMethods - Element (id = 712680EC311E1E32AD8292736A6B23C9_element_92) is visible in UI
2023-06-26 20:58:37,883 [13] INFO  SeleniumWithSpecflow.Hooks.Hooks - Application is working
2023-06-26 20:58:42,214 [13] INFO  SeleniumWithSpecflow.Utlities.GenericMethods - Desktop Chrome is launched
2023-06-26 20:58:51,052 [13] INFO  SeleniumWithSpecflow.Utlities.GenericMethods - Element (id = AAA8A69FD75ECFCD06C9270CA088E392_element_87) is visible in UI
2023-06-26 20:58:51,121 [13] INFO  SeleniumWithSpecflow.Utlities.GenericMethods - Element (id = AAA8A69FD75ECFCD06C9270CA088E392_element_88) is visible in UI
2023-06-26 20:58:51,177 [13] INFO  SeleniumWithSpecflow.Utlities.GenericMethods - Element (id = AAA8A69FD75ECFCD06C9270CA088E392_element_89) is visible in UI
2023-06-26 20:58:51,230 [13] INFO  SeleniumWithSpecflow.Utlities.GenericMethods - Element (id = AAA8A69FD75ECFCD06C9270CA088E392_element_90) is visible in UI
2023-06-26 20:58:51,289 [13] INFO  SeleniumWithSpecflow.Utlities.GenericMethods - Element (id = AAA8A69FD75ECFCD06C9270CA088E392_element_91) is visible in UI
2023-06-26 20:58:51,347 [13] INFO  SeleniumWithSpecflow.Utlities.GenericMethods - Element (id = AAA8A69FD75ECFCD06C9270CA088E392_element_92) is visible in UI
2023-06-26 20:58:53,299 [13] INFO  SeleniumWithSpecflow.Hooks.Hooks - Application is working
2023-06-26 20:58:53,478 [13] INFO  SeleniumWithSpecflow.Hooks.Hooks - Application is working
2023-06-26 20:58:56,966 [13] INFO  SeleniumWithSpecflow.Utlities.GenericMethods - Desktop Chrome is launched
2023-06-26 20:59:06,978 [13] INFO  SeleniumWithSpecflow.Utlities.GenericMethods - Browse jobs is clicked
2023-06-26 20:59:06,993 [13] INFO  SeleniumWithSpecflow.Pages.FreeLancerPage - Navigated to https://www.freelancer.com/jobs
2023-06-26 20:59:07,008 [13] INFO  SeleniumWithSpecflow.Utlities.GenericMethods - Navigated to site with title : True
2023-06-26 20:59:07,111 [13] INFO  SeleniumWithSpecflow.Utlities.GenericMethods - Top Jobs is scrapped from UI
2023-06-26 20:59:07,141 [13] INFO  SeleniumWithSpecflow.Pages.FreeLancerPage - Top Jobs is present
2023-06-26 20:59:07,547 [13] INFO  SeleniumWithSpecflow.Utlities.GenericMethods - automation testing is enetered through Element (id = 179657005E8BB85A0B6AC1BBA46722F7_element_125)
2023-06-26 20:59:07,558 [13] INFO  SeleniumWithSpecflow.Pages.FreeLancerPage - serach keyword entered as automation testing in https://www.freelancer.com/jobs
2023-06-26 20:59:10,706 [13] INFO  SeleniumWithSpecflow.Utlities.GenericMethods - Element (id = 179657005E8BB85A0B6AC1BBA46722F7_element_148) is visible in UI
2023-06-26 20:59:10,817 [13] INFO  SeleniumWithSpecflow.Pages.FreeLancerPage - search is able to work on the keyword
2023-06-26 20:59:15,265 [13] INFO  SeleniumWithSpecflow.Hooks.Hooks - Application is working
2023-06-26 20:59:18,933 [13] INFO  SeleniumWithSpecflow.Utlities.GenericMethods - Desktop Chrome is launched
2023-06-26 20:59:24,271 [13] INFO  SeleniumWithSpecflow.Utlities.GenericMethods - hovered to Element (id = 2CC87202D85B616B49208A927A6216E4_element_35)
2023-06-26 20:59:24,723 [13] INFO  SeleniumWithSpecflow.Utlities.GenericMethods - hovered to Element (id = 2CC87202D85B616B49208A927A6216E4_element_55)
2023-06-26 20:59:31,636 [13] INFO  SeleniumWithSpecflow.Utlities.GenericMethods - Browse jobs is clicked
2023-06-26 20:59:31,750 [13] INFO  SeleniumWithSpecflow.Utlities.GenericMethods - Navigated to site with title : True
2023-06-26 20:59:34,353 [13] INFO  SeleniumWithSpecflow.Utlities.GenericMethods - Browse jobs is clicked
2023-06-26 20:59:39,485 [13] INFO  SeleniumWithSpecflow.Utlities.GenericMethods - Element (id = 1BC425EB192127CFE59F28D2AB272A5A_element_34) is visible in UI
2023-06-26 20:59:40,664 [13] INFO  SeleniumWithSpecflow.Hooks.Hooks - Application is working
2023-06-26 20:59:45,185 [13] INFO  SeleniumWithSpecflow.Utlities.GenericMethods - Desktop Chrome is launched
2023-06-26 20:59:46,943 [13] INFO  SeleniumWithSpecflow.Utlities.GenericMethods - locked_out_user is enetered through Element (id = 583E4F3CBC5E09BAC0D94D65563BDDFB_element_6)
2023-06-26 20:59:47,218 [13] INFO  SeleniumWithSpecflow.Utlities.GenericMethods - standard_user is enetered through Element (id = 583E4F3CBC5E09BAC0D94D65563BDDFB_element_6)
2023-06-26 20:59:47,477 [13] INFO  SeleniumWithSpecflow.Utlities.GenericMethods - secret_sauce is enetered through Element (id = 583E4F3CBC5E09BAC0D94D65563BDDFB_element_2)
2023-06-26 20:59:48,046 [13] INFO  SeleniumWithSpecflow.Utlities.GenericMethods - Products is scrapped from UI
2023-06-26 21:04:34,896 [13] INFO  SeleniumWithSpecflow.Hooks.Hooks - Application is working
2023-06-26 21:04:39,043 [13] INFO  SeleniumWithSpecflow.Utlities.GenericMethods - Desktop Chrome is launched
2023-06-26 21:05:25,001 [14] INFO  SeleniumWithSpecflow.Hooks.Hooks - Application is working
2023-06-26 21:05:30,099 [14] INFO  SeleniumWithSpecflow.Utlities.GenericMethods - Desktop Chrome is launched
2023-06-26 21:10:33,015 [13] INFO  SeleniumWithSpecflow.Hooks.Hooks - Application is working
2023-06-26 21:10:38,509 [13] INFO  SeleniumWithSpecflow.Utlities.GenericMethods - Desktop Chrome is launched
2023-06-26 21:10:47,275 [13] INFO  SeleniumWithSpecflow.Utlities.GenericMethods - Element (id = 8B1D216FCC4D4E89ADB4EAD93618754C_element_41) is visible in UI
2023-06-26 21:10:47,442 [13] INFO  SeleniumWithSpecflow.Utlities.GenericMethods - Element (id = 8B1D216FCC4D4E89ADB4EAD93618754C_element_42) is visible in UI
2023-06-26 21:10:47,538 [13] INFO  SeleniumWithSpecflow.Utlities.GenericMethods - Element (id = 8B1D216FCC4D4E89ADB4EAD93618754C_element_43) is visible in UI
2023-06-26 21:10:47,605 [13] INFO  SeleniumWithSpecflow.Utlities.GenericMethods - Element (id = 8B1D216FCC4D4E89ADB4EAD93618754C_element_44) is visible in UI
2023-06-26 21:10:47,662 [13] INFO  SeleniumWithSpecflow.Utlities.GenericMethods - Element (id = 8B1D216FCC4D4E89ADB4EAD93618754C_element_45) is visible in UI
2023-06-26 21:10:47,721 [13] INFO  SeleniumWithSpecflow.Utlities.GenericMethods - Element (id = 8B1D216FCC4D4E89ADB4EAD93618754C_element_46) is visible in UI
2023-06-26 21:10:50,566 [13] INFO  SeleniumWithSpecflow.Hooks.Hooks - Application is working
2023-06-26 21:10:50,768 [13] INFO  SeleniumWithSpecflow.Hooks.Hooks - Application is working
2023-06-26 21:10:54,720 [13] INFO  SeleniumWithSpecflow.Utlities.GenericMethods - Desktop Chrome is launched
2023-06-26 21:11:05,385 [13] INFO  SeleniumWithSpecflow.Utlities.GenericMethods - Browse jobs is clicked
2023-06-26 21:11:05,396 [13] INFO  SeleniumWithSpecflow.Pages.FreeLancerPage - Navigated to https://www.freelancer.com/jobs
2023-06-26 21:11:05,407 [13] INFO  SeleniumWithSpecflow.Utlities.GenericMethods - Navigated to site with title : True
2023-06-26 21:11:05,509 [13] INFO  SeleniumWithSpecflow.Utlities.GenericMethods - Top Jobs is scrapped from UI
2023-06-26 21:11:05,535 [13] INFO  SeleniumWithSpecflow.Pages.FreeLancerPage - Top Jobs is present
2023-06-26 21:11:05,847 [13] INFO  SeleniumWithSpecflow.Utlities.GenericMethods - automation testing is enetered through Element (id = E8CBC9D0320597D3A880436ADECA5655_element_123)
2023-06-26 21:11:05,854 [13] INFO  SeleniumWithSpecflow.Pages.FreeLancerPage - serach keyword entered as automation testing in https://www.freelancer.com/jobs
2023-06-26 21:11:09,486 [13] INFO  SeleniumWithSpecflow.Utlities.GenericMethods - Element (id = E8CBC9D0320597D3A880436ADECA5655_element_135) is visible in UI
2023-06-26 21:11:09,646 [13] INFO  SeleniumWithSpecflow.Pages.FreeLancerPage - search is able to work on the keyword
2023-06-26 21:11:14,399 [13] INFO  SeleniumWithSpecflow.Hooks.Hooks - Application is working
2023-06-26 21:11:18,077 [13] INFO  SeleniumWithSpecflow.Utlities.GenericMethods - Desktop Chrome is launched
2023-06-26 21:11:32,789 [13] INFO  SeleniumWithSpecflow.Utlities.GenericMethods - hovered to Element (id = 026BBB650C09A626CCA3C03E106A2722_element_43)
2023-06-26 21:11:33,214 [13] INFO  SeleniumWithSpecflow.Utlities.GenericMethods - hovered to Element (id = 026BBB650C09A626CCA3C03E106A2722_element_63)
2023-06-26 21:11:33,488 [13] INFO  SeleniumWithSpecflow.Utlities.GenericMethods - Browse jobs is clicked
2023-06-26 21:11:43,916 [13] INFO  SeleniumWithSpecflow.Utlities.GenericMethods - Navigated to site with title : True
2023-06-26 21:11:45,566 [13] INFO  SeleniumWithSpecflow.Utlities.GenericMethods - Browse jobs is clicked
2023-06-26 21:11:50,736 [13] INFO  SeleniumWithSpecflow.Utlities.GenericMethods - Element (id = 77DAAE14F01BA2B5237C25F8A9FED77F_element_64) is visible in UI
2023-06-26 21:11:51,557 [13] INFO  SeleniumWithSpecflow.Hooks.Hooks - Application is working
2023-06-26 21:11:55,825 [13] INFO  SeleniumWithSpecflow.Utlities.GenericMethods - Desktop Chrome is launched
2023-06-26 21:11:57,707 [13] INFO  SeleniumWithSpecflow.Utlities.GenericMethods - locked_out_user is enetered through Element (id = 577B6DFDA8E38D77283F8174CF9DA61E_element_6)
2023-06-26 21:11:57,986 [13] INFO  SeleniumWithSpecflow.Utlities.GenericMethods - standard_user is enetered through Element (id = 577B6DFDA8E38D77283F8174CF9DA61E_element_6)
2023-06-26 21:11:58,339 [13] INFO  SeleniumWithSpecflow.Utlities.GenericMethods - secret_sauce is enetered through Element (id = 577B6DFDA8E38D77283F8174CF9DA61E_element_2)
2023-06-26 21:11:58,831 [13] INFO  SeleniumWithSpecflow.Utlities.GenericMethods - Products is scrapped from UI
2023-06-29 11:56:38,342 [13] INFO  SeleniumWithSpecflow.Hooks.Hooks - Application is working
2023-06-29 11:56:43,126 [13] INFO  SeleniumWithSpecflow.Utlities.GenericMethods - Desktop Chrome is launched
2023-06-29 11:56:50,165 [13] INFO  SeleniumWithSpecflow.Utlities.GenericMethods - Element (id = 40AE215F730AF86FC2891AAF8AA5230E_element_86) is visible in UI
2023-06-29 11:56:50,250 [13] INFO  SeleniumWithSpecflow.Utlities.GenericMethods - Element (id = 40AE215F730AF86FC2891AAF8AA5230E_element_87) is visible in UI
2023-06-29 11:56:50,307 [13] INFO  SeleniumWithSpecflow.Utlities.GenericMethods - Element (id = 40AE215F730AF86FC2891AAF8AA5230E_element_88) is visible in UI
2023-06-29 11:56:50,406 [13] INFO  SeleniumWithSpecflow.Utlities.GenericMethods - Element (id = 40AE215F730AF86FC2891AAF8AA5230E_element_89) is visible in UI
2023-06-29 11:56:50,456 [13] INFO  SeleniumWithSpecflow.Utlities.GenericMethods - Element (id = 40AE215F730AF86FC2891AAF8AA5230E_element_90) is visible in UI
2023-06-29 11:56:50,503 [13] INFO  SeleniumWithSpecflow.Utlities.GenericMethods - Element (id = 40AE215F730AF86FC2891AAF8AA5230E_element_91) is visible in UI
2023-06-29 11:56:52,673 [13] INFO  SeleniumWithSpecflow.Hooks.Hooks - Application is working
2023-06-29 11:56:52,677 [13] INFO  SeleniumWithSpecflow.Hooks.Hooks - driver is already closed
2023-06-29 11:56:52,701 [13] INFO  SeleniumWithSpecflow.Hooks.Hooks - Application is working
2023-06-29 11:56:56,781 [13] INFO  SeleniumWithSpecflow.Utlities.GenericMethods - Desktop Chrome is launched
2023-06-29 11:57:07,408 [13] INFO  SeleniumWithSpecflow.Utlities.GenericMethods - Browse jobs is clicked
2023-06-29 11:57:07,418 [13] INFO  SeleniumWithSpecflow.Pages.FreeLancerPage - Navigated to https://www.freelancer.com/jobs
2023-06-29 11:57:07,432 [13] INFO  SeleniumWithSpecflow.Utlities.GenericMethods - Navigated to site with title : True
2023-06-29 11:57:07,537 [13] INFO  SeleniumWithSpecflow.Utlities.GenericMethods - Top Jobs is scrapped from UI
2023-06-29 11:57:07,566 [13] INFO  SeleniumWithSpecflow.Pages.FreeLancerPage - Top Jobs is present
2023-06-29 11:57:08,100 [13] INFO  SeleniumWithSpecflow.Utlities.GenericMethods - automation testing is enetered through Element (id = 3B1987E2A61F6B088030322730145568_element_134)
2023-06-29 11:57:10,320 [13] INFO  SeleniumWithSpecflow.Pages.FreeLancerPage - serach keyword entered as automation testing in https://www.freelancer.com/jobs
2023-06-29 11:57:14,340 [13] INFO  SeleniumWithSpecflow.Utlities.GenericMethods - Element (id = 3B1987E2A61F6B088030322730145568_element_146) is visible in UI
2023-06-29 11:57:14,391 [13] INFO  SeleniumWithSpecflow.Pages.FreeLancerPage - search is able to work on the keyword
2023-06-29 11:57:16,414 [13] INFO  SeleniumWithSpecflow.Hooks.Hooks - Application is working
2023-06-29 11:57:20,326 [13] INFO  SeleniumWithSpecflow.Utlities.GenericMethods - Desktop Chrome is launched
2023-06-29 11:57:25,622 [13] INFO  SeleniumWithSpecflow.Utlities.GenericMethods - hovered to Element (id = D66D7755C0CA21EC1D5536161CE7C3AF_element_35)
2023-06-29 11:57:26,228 [13] INFO  SeleniumWithSpecflow.Utlities.GenericMethods - hovered to Element (id = D66D7755C0CA21EC1D5536161CE7C3AF_element_55)
2023-06-29 11:57:33,053 [13] INFO  SeleniumWithSpecflow.Utlities.GenericMethods - Browse jobs is clicked
2023-06-29 11:57:33,142 [13] INFO  SeleniumWithSpecflow.Utlities.GenericMethods - Navigated to site with title : True
2023-06-29 11:57:54,053 [13] INFO  SeleniumWithSpecflow.Utlities.GenericMethods - Browse jobs is clicked
2023-06-29 11:57:59,417 [13] INFO  SeleniumWithSpecflow.Utlities.GenericMethods - Element (id = 1A982A5BD2675FE489C6707997F0E97F_element_36) is visible in UI
2023-06-29 11:58:16,982 [13] INFO  SeleniumWithSpecflow.Hooks.Hooks - Application is working
2023-06-29 11:58:21,017 [13] INFO  SeleniumWithSpecflow.Utlities.GenericMethods - Desktop Chrome is launched
2023-06-29 11:58:22,932 [13] INFO  SeleniumWithSpecflow.Utlities.GenericMethods - locked_out_user is enetered through Element (id = 09021AD206C9A5B79723076FD540F863_element_6)
2023-06-29 11:58:23,298 [13] INFO  SeleniumWithSpecflow.Utlities.GenericMethods - standard_user is enetered through Element (id = 09021AD206C9A5B79723076FD540F863_element_6)
2023-06-29 11:58:23,602 [13] INFO  SeleniumWithSpecflow.Utlities.GenericMethods - secret_sauce is enetered through Element (id = 09021AD206C9A5B79723076FD540F863_element_2)
2023-06-29 11:58:24,027 [13] INFO  SeleniumWithSpecflow.Utlities.GenericMethods - Products is scrapped from UI
